Determining if the pthread_create exist failed with the following output:
Change Dir: /home/kw-cobot/catkin_ws/build/hector_imu_attitude_to_tf/CMakeFiles/CMakeTmp

Run Build Command:"/usr/bin/make" "cmTC_5e04e/fast"
/usr/bin/make -f CMakeFiles/cmTC_5e04e.dir/build.make CMakeFiles/cmTC_5e04e.dir/build
make[1]: Entering directory '/home/kw-cobot/catkin_ws/build/hector_imu_attitude_to_tf/CMakeFiles/CMakeTmp'
Building C object CMakeFiles/cmTC_5e04e.dir/CheckSymbolExists.c.o
/usr/bin/cc    -o CMakeFiles/cmTC_5e04e.dir/CheckSymbolExists.c.o   -c /home/kw-cobot/catkin_ws/build/hector_imu_attitude_to_tf/CMakeFiles/CMakeTmp/CheckSymbolExists.c
Linking C executable cmTC_5e04e
/usr/bin/cmake -E cmake_link_script CMakeFiles/cmTC_5e04e.dir/link.txt --verbose=1
/usr/bin/cc      -rdynamic CMakeFiles/cmTC_5e04e.dir/CheckSymbolExists.c.o  -o cmTC_5e04e 
CMakeFiles/cmTC_5e04e.dir/CheckSymbolExists.c.o: In function `main':
CheckSymbolExists.c:(.text+0x1b): undefined reference to `pthread_create'
collect2: error: ld returned 1 exit status
CMakeFiles/cmTC_5e04e.dir/build.make:97: recipe for target 'cmTC_5e04e' failed
make[1]: *** [cmTC_5e04e] Error 1
make[1]: Leaving directory '/home/kw-cobot/catkin_ws/build/hector_imu_attitude_to_tf/CMakeFiles/CMakeTmp'
Makefile:126: recipe for target 'cmTC_5e04e/fast' failed
make: *** [cmTC_5e04e/fast] Error 2

File /home/kw-cobot/catkin_ws/build/hector_imu_attitude_to_tf/CMakeFiles/CMakeTmp/CheckSymbolExists.c:
/* */
#include <pthread.h>

int main(int argc, char** argv)
{
  (void)argv;
#ifndef pthread_create
  return ((int*)(&pthread_create))[argc];
#else
  (void)argc;
  return 0;
#endif
}

Determining if the function pthread_create exists in the pthreads failed with the following output:
Change Dir: /home/kw-cobot/catkin_ws/build/hector_imu_attitude_to_tf/CMakeFiles/CMakeTmp

Run Build Command:"/usr/bin/make" "cmTC_21c3a/fast"
/usr/bin/make -f CMakeFiles/cmTC_21c3a.dir/build.make CMakeFiles/cmTC_21c3a.dir/build
make[1]: Entering directory '/home/kw-cobot/catkin_ws/build/hector_imu_attitude_to_tf/CMakeFiles/CMakeTmp'
Building C object CMakeFiles/cmTC_21c3a.dir/CheckFunctionExists.c.o
/usr/bin/cc   -DCHECK_FUNCTION_EXISTS=pthread_create   -o CMakeFiles/cmTC_21c3a.dir/CheckFunctionExists.c.o   -c /usr/share/cmake-3.10/Modules/CheckFunctionExists.c
Linking C executable cmTC_21c3a
/usr/bin/cmake -E cmake_link_script CMakeFiles/cmTC_21c3a.dir/link.txt --verbose=1
/usr/bin/cc  -DCHECK_FUNCTION_EXISTS=pthread_create    -rdynamic CMakeFiles/cmTC_21c3a.dir/CheckFunctionExists.c.o  -o cmTC_21c3a -lpthreads 
/usr/bin/ld: cannot find -lpthreads
collect2: error: ld returned 1 exit status
CMakeFiles/cmTC_21c3a.dir/build.make:97: recipe for target 'cmTC_21c3a' failed
make[1]: *** [cmTC_21c3a] Error 1
make[1]: Leaving directory '/home/kw-cobot/catkin_ws/build/hector_imu_attitude_to_tf/CMakeFiles/CMakeTmp'
Makefile:126: recipe for target 'cmTC_21c3a/fast' failed
make: *** [cmTC_21c3a/fast] Error 2


