Not searching for unused variables given on the command line.
[36m--[0m Using CATKIN_DEVEL_PREFIX: /home/kw-cobot/catkin_ws/devel/.private/mobile_robot_navigation
[36m--[0m Using CMAKE_PREFIX_PATH: /home/kw-cobot/catkin_ws/devel;/opt/ros/melodic
[36m--[0m This workspace overlays: /home/kw-cobot/catkin_ws/devel;/opt/ros/melodic
[36m--[0m Found PythonInterp: /usr/bin/python2 (found suitable version "2.7.17", minimum required is "2")
[36m--[0m Using PYTHON_EXECUTABLE: /usr/bin/python2
[36m--[0m Using Debian Python package layout
[36m--[0m Using empy: /usr/bin/empy
[36m--[0m Using CATKIN_ENABLE_TESTING: ON
[36m--[0m Call enable_testing()
[36m--[0m Using CATKIN_TEST_RESULTS_DIR: /home/kw-cobot/catkin_ws/build/mobile_robot_navigation/test_results
[36m--[0m Found gtest sources under '/usr/src/googletest': gtests will be built
[36m--[0m Found gmock sources under '/usr/src/googletest': gmock will be built
[36m--[0m Found PythonInterp: /usr/bin/python2 (found version "2.7.17")
[36m--[0m Using Python nosetests: /usr/bin/nosetests-2.7
[36m--[0m catkin 0.7.29
[36m--[0m BUILD_SHARED_LIBS is on
[36m--[0m Could NOT find mobile_robot_gazebo (missing: mobile_robot_gazebo_DIR)
[36m--[0m Could not find the required component 'mobile_robot_gazebo'. The following CMake error indicates that you either need to install the package with the same name or change your environment so that it can be found.
[36m--[0m Configuring incomplete, errors occurred!
See also "/home/kw-cobot/catkin_ws/build/mobile_robot_navigation/CMakeFiles/CMakeOutput.log".
See also "/home/kw-cobot/catkin_ws/build/mobile_robot_navigation/CMakeFiles/CMakeError.log".
[31m[1mCMake Error[0m at /opt/ros/melodic/share/catkin/cmake/catkinConfig.cmake:83 (find_package):
  Could not find a package configuration file provided by
  "mobile_robot_gazebo" with any of the following names:

    mobile_robot_gazeboConfig.cmake
    mobile_robot_gazebo-config.cmake

  Add the installation prefix of "mobile_robot_gazebo" to CMAKE_PREFIX_PATH
  or set "mobile_robot_gazebo_DIR" to a directory containing one of the above
  files.  If "mobile_robot_gazebo" provides a separate development package or
  SDK, be sure it has been installed.
[36mCall Stack (most recent call first):[0m
  CMakeLists.txt:10 (find_package)


