Linked: (/home/kw-cobot/catkin_ws/devel/.private/lane_detection/lib/pkgconfig/lane_detection.pc, /home/kw-cobot/catkin_ws/devel/lib/pkgconfig/lane_detection.pc)
Linked: (/home/kw-cobot/catkin_ws/devel/.private/lane_detection/lib/python2.7/dist-packages/lane_detection/__init__.py, /home/kw-cobot/catkin_ws/devel/lib/python2.7/dist-packages/lane_detection/__init__.py)
Linked: (/home/kw-cobot/catkin_ws/devel/.private/lane_detection/lib/python2.7/dist-packages/lane_detection/cfg/controlConfig.py, /home/kw-cobot/catkin_ws/devel/lib/python2.7/dist-packages/lane_detection/cfg/controlConfig.py)
Linked: (/home/kw-cobot/catkin_ws/devel/.private/lane_detection/lib/python2.7/dist-packages/lane_detection/cfg/image_processingConfig.py, /home/kw-cobot/catkin_ws/devel/lib/python2.7/dist-packages/lane_detection/cfg/image_processingConfig.py)
Linked: (/home/kw-cobot/catkin_ws/devel/.private/lane_detection/lib/python2.7/dist-packages/lane_detection/cfg/__init__.py, /home/kw-cobot/catkin_ws/devel/lib/python2.7/dist-packages/lane_detection/cfg/__init__.py)
Linked: (/home/kw-cobot/catkin_ws/devel/.private/lane_detection/lib/python2.7/dist-packages/lane_detection/cfg/lidar_e_stopConfig.py, /home/kw-cobot/catkin_ws/devel/lib/python2.7/dist-packages/lane_detection/cfg/lidar_e_stopConfig.py)
Linked: (/home/kw-cobot/catkin_ws/devel/.private/lane_detection/include/lane_detection/image_processingConfig.h, /home/kw-cobot/catkin_ws/devel/include/lane_detection/image_processingConfig.h)
Linked: (/home/kw-cobot/catkin_ws/devel/.private/lane_detection/include/lane_detection/lidar_e_stopConfig.h, /home/kw-cobot/catkin_ws/devel/include/lane_detection/lidar_e_stopConfig.h)
Linked: (/home/kw-cobot/catkin_ws/devel/.private/lane_detection/include/lane_detection/controlConfig.h, /home/kw-cobot/catkin_ws/devel/include/lane_detection/controlConfig.h)
Linked: (/home/kw-cobot/catkin_ws/devel/.private/lane_detection/share/lane_detection/cmake/lane_detectionConfig-version.cmake, /home/kw-cobot/catkin_ws/devel/share/lane_detection/cmake/lane_detectionConfig-version.cmake)
Linked: (/home/kw-cobot/catkin_ws/devel/.private/lane_detection/share/lane_detection/cmake/lane_detectionConfig.cmake, /home/kw-cobot/catkin_ws/devel/share/lane_detection/cmake/lane_detectionConfig.cmake)
Linked: (/home/kw-cobot/catkin_ws/devel/.private/lane_detection/share/lane_detection/docs/controlConfig-usage.dox, /home/kw-cobot/catkin_ws/devel/share/lane_detection/docs/controlConfig-usage.dox)
Linked: (/home/kw-cobot/catkin_ws/devel/.private/lane_detection/share/lane_detection/docs/image_processingConfig.wikidoc, /home/kw-cobot/catkin_ws/devel/share/lane_detection/docs/image_processingConfig.wikidoc)
Linked: (/home/kw-cobot/catkin_ws/devel/.private/lane_detection/share/lane_detection/docs/lidar_e_stopConfig.wikidoc, /home/kw-cobot/catkin_ws/devel/share/lane_detection/docs/lidar_e_stopConfig.wikidoc)
Linked: (/home/kw-cobot/catkin_ws/devel/.private/lane_detection/share/lane_detection/docs/lidar_e_stopConfig-usage.dox, /home/kw-cobot/catkin_ws/devel/share/lane_detection/docs/lidar_e_stopConfig-usage.dox)
Linked: (/home/kw-cobot/catkin_ws/devel/.private/lane_detection/share/lane_detection/docs/image_processingConfig.dox, /home/kw-cobot/catkin_ws/devel/share/lane_detection/docs/image_processingConfig.dox)
Linked: (/home/kw-cobot/catkin_ws/devel/.private/lane_detection/share/lane_detection/docs/lidar_e_stopConfig.dox, /home/kw-cobot/catkin_ws/devel/share/lane_detection/docs/lidar_e_stopConfig.dox)
Linked: (/home/kw-cobot/catkin_ws/devel/.private/lane_detection/share/lane_detection/docs/controlConfig.dox, /home/kw-cobot/catkin_ws/devel/share/lane_detection/docs/controlConfig.dox)
Linked: (/home/kw-cobot/catkin_ws/devel/.private/lane_detection/share/lane_detection/docs/image_processingConfig-usage.dox, /home/kw-cobot/catkin_ws/devel/share/lane_detection/docs/image_processingConfig-usage.dox)
Linked: (/home/kw-cobot/catkin_ws/devel/.private/lane_detection/share/lane_detection/docs/controlConfig.wikidoc, /home/kw-cobot/catkin_ws/devel/share/lane_detection/docs/controlConfig.wikidoc)
