[ 30%] Built target amcl_map
[ 35%] [34m[1mGenerating dynamic reconfigure files from cfg/AMCL.cfg: /home/kw-cobot/catkin_ws/devel/.private/amcl/include/amcl/AMCLConfig.h /home/kw-cobot/catkin_ws/devel/.private/amcl/lib/python2.7/dist-packages/amcl/cfg/AMCLConfig.py[0m
Generating reconfiguration files for AMCL in amcl
Wrote header file in /home/kw-cobot/catkin_ws/devel/.private/amcl/include/amcl/AMCLConfig.h
[ 35%] Built target amcl_gencfg
[ 70%] Built target amcl_pf
[ 70%] Built target dynamic_reconfigure_generate_messages_cpp
[ 70%] Built target sensor_msgs_generate_messages_cpp
[ 70%] Built target sensor_msgs_generate_messages_eus
[ 70%] Built target sensor_msgs_generate_messages_py
[ 70%] Built target tf2_msgs_generate_messages_cpp
[ 70%] Built target nav_msgs_generate_messages_eus
[ 70%] Built target tf2_msgs_generate_messages_eus
[ 70%] Built target dynamic_reconfigure_gencfg
[ 70%] Built target nav_msgs_generate_messages_py
[ 70%] Built target tf2_msgs_generate_messages_lisp
[ 70%] Built target actionlib_generate_messages_py
[ 70%] Built target tf2_msgs_generate_messages_py
[ 70%] Built target tf2_msgs_generate_messages_nodejs
[ 70%] Built target diagnostic_msgs_generate_messages_cpp
[ 70%] Built target actionlib_generate_messages_eus
[ 70%] Built target actionlib_generate_messages_nodejs
[ 70%] Built target nav_msgs_generate_messages_lisp
[ 70%] Built target sensor_msgs_generate_messages_lisp
[ 70%] Built target nav_msgs_generate_messages_cpp
[ 70%] Built target topic_tools_generate_messages_cpp
[ 70%] Built target geometry_msgs_generate_messages_eus
[ 70%] Built target roscpp_generate_messages_py
[ 70%] Built target roscpp_generate_messages_lisp
[ 70%] Built target std_srvs_generate_messages_eus
[ 70%] Built target std_msgs_generate_messages_cpp
[ 70%] Built target topic_tools_generate_messages_py
[ 70%] Built target actionlib_msgs_generate_messages_nodejs
[ 70%] Built target nav_msgs_generate_messages_nodejs
[ 70%] Built target dynamic_reconfigure_generate_messages_lisp
[ 70%] Built target rosgraph_msgs_generate_messages_nodejs
[ 70%] Built target std_msgs_generate_messages_eus
[ 70%] Built target actionlib_msgs_generate_messages_lisp
[ 70%] Built target diagnostic_msgs_generate_messages_eus
[ 70%] Built target diagnostic_msgs_generate_messages_lisp
[ 70%] Built target dynamic_reconfigure_generate_messages_eus
[ 70%] Built target diagnostic_msgs_generate_messages_py
[ 70%] Built target roscpp_generate_messages_nodejs
[ 70%] Built target std_msgs_generate_messages_lisp
[ 70%] Built target std_msgs_generate_messages_nodejs
[ 70%] Built target std_msgs_generate_messages_py
[ 70%] Built target geometry_msgs_generate_messages_nodejs
[ 70%] Built target roscpp_generate_messages_cpp
[ 70%] Built target sensor_msgs_generate_messages_nodejs
[ 70%] Built target actionlib_generate_messages_cpp
[ 70%] Built target actionlib_msgs_generate_messages_cpp
[ 70%] Built target roscpp_generate_messages_eus
[ 70%] Built target std_srvs_generate_messages_cpp
[ 70%] Built target rosgraph_msgs_generate_messages_py
[ 70%] Built target actionlib_msgs_generate_messages_eus
[ 70%] Built target actionlib_msgs_generate_messages_py
[ 70%] Built target std_srvs_generate_messages_lisp
[ 70%] Built target topic_tools_generate_messages_lisp
[ 70%] Built target std_srvs_generate_messages_nodejs
[ 70%] Built target geometry_msgs_generate_messages_cpp
[ 70%] Built target actionlib_generate_messages_lisp
[ 70%] Built target std_srvs_generate_messages_py
[ 70%] Built target topic_tools_generate_messages_eus
[ 70%] Built target topic_tools_generate_messages_nodejs
[ 70%] Built target geometry_msgs_generate_messages_lisp
[ 70%] Built target geometry_msgs_generate_messages_py
[ 70%] Built target dynamic_reconfigure_generate_messages_py
[ 70%] Built target diagnostic_msgs_generate_messages_nodejs
[ 70%] Built target rosgraph_msgs_generate_messages_lisp
[ 70%] Built target dynamic_reconfigure_generate_messages_nodejs
[ 70%] Built target rosgraph_msgs_generate_messages_eus
[ 70%] Built target rosgraph_msgs_generate_messages_cpp
[ 90%] Built target amcl_sensors
[35m[1mScanning dependencies of target amcl[0m
[ 95%] [32mBuilding CXX object CMakeFiles/amcl.dir/src/amcl_node.cpp.o[0m
[100%] [32m[1mLinking CXX executable /home/kw-cobot/catkin_ws/devel/.private/amcl/lib/amcl/amcl[0m
[100%] Built target amcl
