Determining if the pthread_create exist failed with the following output:
Change Dir: /home/kw-cobot/catkin_ws/build/hector_map_server/CMakeFiles/CMakeTmp

Run Build Command:"/usr/bin/make" "cmTC_75270/fast"
/usr/bin/make -f CMakeFiles/cmTC_75270.dir/build.make CMakeFiles/cmTC_75270.dir/build
make[1]: Entering directory '/home/kw-cobot/catkin_ws/build/hector_map_server/CMakeFiles/CMakeTmp'
Building C object CMakeFiles/cmTC_75270.dir/CheckSymbolExists.c.o
/usr/bin/cc    -o CMakeFiles/cmTC_75270.dir/CheckSymbolExists.c.o   -c /home/kw-cobot/catkin_ws/build/hector_map_server/CMakeFiles/CMakeTmp/CheckSymbolExists.c
Linking C executable cmTC_75270
/usr/bin/cmake -E cmake_link_script CMakeFiles/cmTC_75270.dir/link.txt --verbose=1
/usr/bin/cc      -rdynamic CMakeFiles/cmTC_75270.dir/CheckSymbolExists.c.o  -o cmTC_75270 
CMakeFiles/cmTC_75270.dir/CheckSymbolExists.c.o: In function `main':
CheckSymbolExists.c:(.text+0x1b): undefined reference to `pthread_create'
collect2: error: ld returned 1 exit status
CMakeFiles/cmTC_75270.dir/build.make:97: recipe for target 'cmTC_75270' failed
make[1]: *** [cmTC_75270] Error 1
make[1]: Leaving directory '/home/kw-cobot/catkin_ws/build/hector_map_server/CMakeFiles/CMakeTmp'
Makefile:126: recipe for target 'cmTC_75270/fast' failed
make: *** [cmTC_75270/fast] Error 2

File /home/kw-cobot/catkin_ws/build/hector_map_server/CMakeFiles/CMakeTmp/CheckSymbolExists.c:
/* */
#include <pthread.h>

int main(int argc, char** argv)
{
  (void)argv;
#ifndef pthread_create
  return ((int*)(&pthread_create))[argc];
#else
  (void)argc;
  return 0;
#endif
}

Determining if the function pthread_create exists in the pthreads failed with the following output:
Change Dir: /home/kw-cobot/catkin_ws/build/hector_map_server/CMakeFiles/CMakeTmp

Run Build Command:"/usr/bin/make" "cmTC_a3965/fast"
/usr/bin/make -f CMakeFiles/cmTC_a3965.dir/build.make CMakeFiles/cmTC_a3965.dir/build
make[1]: Entering directory '/home/kw-cobot/catkin_ws/build/hector_map_server/CMakeFiles/CMakeTmp'
Building C object CMakeFiles/cmTC_a3965.dir/CheckFunctionExists.c.o
/usr/bin/cc   -DCHECK_FUNCTION_EXISTS=pthread_create   -o CMakeFiles/cmTC_a3965.dir/CheckFunctionExists.c.o   -c /usr/share/cmake-3.10/Modules/CheckFunctionExists.c
Linking C executable cmTC_a3965
/usr/bin/cmake -E cmake_link_script CMakeFiles/cmTC_a3965.dir/link.txt --verbose=1
/usr/bin/cc  -DCHECK_FUNCTION_EXISTS=pthread_create    -rdynamic CMakeFiles/cmTC_a3965.dir/CheckFunctionExists.c.o  -o cmTC_a3965 -lpthreads 
/usr/bin/ld: cannot find -lpthreads
collect2: error: ld returned 1 exit status
CMakeFiles/cmTC_a3965.dir/build.make:97: recipe for target 'cmTC_a3965' failed
make[1]: *** [cmTC_a3965] Error 1
make[1]: Leaving directory '/home/kw-cobot/catkin_ws/build/hector_map_server/CMakeFiles/CMakeTmp'
Makefile:126: recipe for target 'cmTC_a3965/fast' failed
make: *** [cmTC_a3965/fast] Error 2


