Determining if the pthread_create exist failed with the following output:
Change Dir: /home/kw-cobot/catkin_ws/build/scout_tf/CMakeFiles/CMakeTmp

Run Build Command:"/usr/bin/make" "cmTC_cb850/fast"
/usr/bin/make -f CMakeFiles/cmTC_cb850.dir/build.make CMakeFiles/cmTC_cb850.dir/build
make[1]: Entering directory '/home/kw-cobot/catkin_ws/build/scout_tf/CMakeFiles/CMakeTmp'
Building C object CMakeFiles/cmTC_cb850.dir/CheckSymbolExists.c.o
/usr/bin/cc    -o CMakeFiles/cmTC_cb850.dir/CheckSymbolExists.c.o   -c /home/kw-cobot/catkin_ws/build/scout_tf/CMakeFiles/CMakeTmp/CheckSymbolExists.c
Linking C executable cmTC_cb850
/usr/bin/cmake -E cmake_link_script CMakeFiles/cmTC_cb850.dir/link.txt --verbose=1
/usr/bin/cc      -rdynamic CMakeFiles/cmTC_cb850.dir/CheckSymbolExists.c.o  -o cmTC_cb850 
CMakeFiles/cmTC_cb850.dir/CheckSymbolExists.c.o: In function `main':
CheckSymbolExists.c:(.text+0x1b): undefined reference to `pthread_create'
collect2: error: ld returned 1 exit status
CMakeFiles/cmTC_cb850.dir/build.make:97: recipe for target 'cmTC_cb850' failed
make[1]: *** [cmTC_cb850] Error 1
make[1]: Leaving directory '/home/kw-cobot/catkin_ws/build/scout_tf/CMakeFiles/CMakeTmp'
Makefile:126: recipe for target 'cmTC_cb850/fast' failed
make: *** [cmTC_cb850/fast] Error 2

File /home/kw-cobot/catkin_ws/build/scout_tf/CMakeFiles/CMakeTmp/CheckSymbolExists.c:
/* */
#include <pthread.h>

int main(int argc, char** argv)
{
  (void)argv;
#ifndef pthread_create
  return ((int*)(&pthread_create))[argc];
#else
  (void)argc;
  return 0;
#endif
}

Determining if the function pthread_create exists in the pthreads failed with the following output:
Change Dir: /home/kw-cobot/catkin_ws/build/scout_tf/CMakeFiles/CMakeTmp

Run Build Command:"/usr/bin/make" "cmTC_3e838/fast"
/usr/bin/make -f CMakeFiles/cmTC_3e838.dir/build.make CMakeFiles/cmTC_3e838.dir/build
make[1]: Entering directory '/home/kw-cobot/catkin_ws/build/scout_tf/CMakeFiles/CMakeTmp'
Building C object CMakeFiles/cmTC_3e838.dir/CheckFunctionExists.c.o
/usr/bin/cc   -DCHECK_FUNCTION_EXISTS=pthread_create   -o CMakeFiles/cmTC_3e838.dir/CheckFunctionExists.c.o   -c /usr/share/cmake-3.10/Modules/CheckFunctionExists.c
Linking C executable cmTC_3e838
/usr/bin/cmake -E cmake_link_script CMakeFiles/cmTC_3e838.dir/link.txt --verbose=1
/usr/bin/cc  -DCHECK_FUNCTION_EXISTS=pthread_create    -rdynamic CMakeFiles/cmTC_3e838.dir/CheckFunctionExists.c.o  -o cmTC_3e838 -lpthreads 
/usr/bin/ld: cannot find -lpthreads
collect2: error: ld returned 1 exit status
CMakeFiles/cmTC_3e838.dir/build.make:97: recipe for target 'cmTC_3e838' failed
make[1]: *** [cmTC_3e838] Error 1
make[1]: Leaving directory '/home/kw-cobot/catkin_ws/build/scout_tf/CMakeFiles/CMakeTmp'
Makefile:126: recipe for target 'cmTC_3e838/fast' failed
make: *** [cmTC_3e838/fast] Error 2


