Determining if the pthread_create exist failed with the following output:
Change Dir: /home/kw-cobot/catkin_ws/build/scout_odom/CMakeFiles/CMakeTmp

Run Build Command:"/usr/bin/make" "cmTC_79b7a/fast"
/usr/bin/make -f CMakeFiles/cmTC_79b7a.dir/build.make CMakeFiles/cmTC_79b7a.dir/build
make[1]: Entering directory '/home/kw-cobot/catkin_ws/build/scout_odom/CMakeFiles/CMakeTmp'
Building C object CMakeFiles/cmTC_79b7a.dir/CheckSymbolExists.c.o
/usr/bin/cc    -o CMakeFiles/cmTC_79b7a.dir/CheckSymbolExists.c.o   -c /home/kw-cobot/catkin_ws/build/scout_odom/CMakeFiles/CMakeTmp/CheckSymbolExists.c
Linking C executable cmTC_79b7a
/usr/bin/cmake -E cmake_link_script CMakeFiles/cmTC_79b7a.dir/link.txt --verbose=1
/usr/bin/cc      -rdynamic CMakeFiles/cmTC_79b7a.dir/CheckSymbolExists.c.o  -o cmTC_79b7a 
CMakeFiles/cmTC_79b7a.dir/CheckSymbolExists.c.o: In function `main':
CheckSymbolExists.c:(.text+0x1b): undefined reference to `pthread_create'
collect2: error: ld returned 1 exit status
CMakeFiles/cmTC_79b7a.dir/build.make:97: recipe for target 'cmTC_79b7a' failed
make[1]: *** [cmTC_79b7a] Error 1
make[1]: Leaving directory '/home/kw-cobot/catkin_ws/build/scout_odom/CMakeFiles/CMakeTmp'
Makefile:126: recipe for target 'cmTC_79b7a/fast' failed
make: *** [cmTC_79b7a/fast] Error 2

File /home/kw-cobot/catkin_ws/build/scout_odom/CMakeFiles/CMakeTmp/CheckSymbolExists.c:
/* */
#include <pthread.h>

int main(int argc, char** argv)
{
  (void)argv;
#ifndef pthread_create
  return ((int*)(&pthread_create))[argc];
#else
  (void)argc;
  return 0;
#endif
}

Determining if the function pthread_create exists in the pthreads failed with the following output:
Change Dir: /home/kw-cobot/catkin_ws/build/scout_odom/CMakeFiles/CMakeTmp

Run Build Command:"/usr/bin/make" "cmTC_4e315/fast"
/usr/bin/make -f CMakeFiles/cmTC_4e315.dir/build.make CMakeFiles/cmTC_4e315.dir/build
make[1]: Entering directory '/home/kw-cobot/catkin_ws/build/scout_odom/CMakeFiles/CMakeTmp'
Building C object CMakeFiles/cmTC_4e315.dir/CheckFunctionExists.c.o
/usr/bin/cc   -DCHECK_FUNCTION_EXISTS=pthread_create   -o CMakeFiles/cmTC_4e315.dir/CheckFunctionExists.c.o   -c /usr/share/cmake-3.10/Modules/CheckFunctionExists.c
Linking C executable cmTC_4e315
/usr/bin/cmake -E cmake_link_script CMakeFiles/cmTC_4e315.dir/link.txt --verbose=1
/usr/bin/cc  -DCHECK_FUNCTION_EXISTS=pthread_create    -rdynamic CMakeFiles/cmTC_4e315.dir/CheckFunctionExists.c.o  -o cmTC_4e315 -lpthreads 
/usr/bin/ld: cannot find -lpthreads
collect2: error: ld returned 1 exit status
CMakeFiles/cmTC_4e315.dir/build.make:97: recipe for target 'cmTC_4e315' failed
make[1]: *** [cmTC_4e315] Error 1
make[1]: Leaving directory '/home/kw-cobot/catkin_ws/build/scout_odom/CMakeFiles/CMakeTmp'
Makefile:126: recipe for target 'cmTC_4e315/fast' failed
make: *** [cmTC_4e315/fast] Error 2


