Determining if the pthread_create exist failed with the following output:
Change Dir: /home/kw-cobot/catkin_ws/build/hector_geotiff/CMakeFiles/CMakeTmp

Run Build Command:"/usr/bin/make" "cmTC_c1464/fast"
/usr/bin/make -f CMakeFiles/cmTC_c1464.dir/build.make CMakeFiles/cmTC_c1464.dir/build
make[1]: Entering directory '/home/kw-cobot/catkin_ws/build/hector_geotiff/CMakeFiles/CMakeTmp'
Building C object CMakeFiles/cmTC_c1464.dir/CheckSymbolExists.c.o
/usr/bin/cc    -o CMakeFiles/cmTC_c1464.dir/CheckSymbolExists.c.o   -c /home/kw-cobot/catkin_ws/build/hector_geotiff/CMakeFiles/CMakeTmp/CheckSymbolExists.c
Linking C executable cmTC_c1464
/usr/bin/cmake -E cmake_link_script CMakeFiles/cmTC_c1464.dir/link.txt --verbose=1
/usr/bin/cc      -rdynamic CMakeFiles/cmTC_c1464.dir/CheckSymbolExists.c.o  -o cmTC_c1464 
CMakeFiles/cmTC_c1464.dir/CheckSymbolExists.c.o: In function `main':
CheckSymbolExists.c:(.text+0x1b): undefined reference to `pthread_create'
collect2: error: ld returned 1 exit status
CMakeFiles/cmTC_c1464.dir/build.make:97: recipe for target 'cmTC_c1464' failed
make[1]: *** [cmTC_c1464] Error 1
make[1]: Leaving directory '/home/kw-cobot/catkin_ws/build/hector_geotiff/CMakeFiles/CMakeTmp'
Makefile:126: recipe for target 'cmTC_c1464/fast' failed
make: *** [cmTC_c1464/fast] Error 2

File /home/kw-cobot/catkin_ws/build/hector_geotiff/CMakeFiles/CMakeTmp/CheckSymbolExists.c:
/* */
#include <pthread.h>

int main(int argc, char** argv)
{
  (void)argv;
#ifndef pthread_create
  return ((int*)(&pthread_create))[argc];
#else
  (void)argc;
  return 0;
#endif
}

Determining if the function pthread_create exists in the pthreads failed with the following output:
Change Dir: /home/kw-cobot/catkin_ws/build/hector_geotiff/CMakeFiles/CMakeTmp

Run Build Command:"/usr/bin/make" "cmTC_77172/fast"
/usr/bin/make -f CMakeFiles/cmTC_77172.dir/build.make CMakeFiles/cmTC_77172.dir/build
make[1]: Entering directory '/home/kw-cobot/catkin_ws/build/hector_geotiff/CMakeFiles/CMakeTmp'
Building C object CMakeFiles/cmTC_77172.dir/CheckFunctionExists.c.o
/usr/bin/cc   -DCHECK_FUNCTION_EXISTS=pthread_create   -o CMakeFiles/cmTC_77172.dir/CheckFunctionExists.c.o   -c /usr/share/cmake-3.10/Modules/CheckFunctionExists.c
Linking C executable cmTC_77172
/usr/bin/cmake -E cmake_link_script CMakeFiles/cmTC_77172.dir/link.txt --verbose=1
/usr/bin/cc  -DCHECK_FUNCTION_EXISTS=pthread_create    -rdynamic CMakeFiles/cmTC_77172.dir/CheckFunctionExists.c.o  -o cmTC_77172 -lpthreads 
/usr/bin/ld: cannot find -lpthreads
collect2: error: ld returned 1 exit status
CMakeFiles/cmTC_77172.dir/build.make:97: recipe for target 'cmTC_77172' failed
make[1]: *** [cmTC_77172] Error 1
make[1]: Leaving directory '/home/kw-cobot/catkin_ws/build/hector_geotiff/CMakeFiles/CMakeTmp'
Makefile:126: recipe for target 'cmTC_77172/fast' failed
make: *** [cmTC_77172/fast] Error 2


Determining if the Q_WS_WIN exist failed with the following output:
Change Dir: /home/kw-cobot/catkin_ws/build/hector_geotiff/CMakeFiles/CMakeTmp

Run Build Command:"/usr/bin/make" "cmTC_f4b26/fast"
/usr/bin/make -f CMakeFiles/cmTC_f4b26.dir/build.make CMakeFiles/cmTC_f4b26.dir/build
make[1]: Entering directory '/home/kw-cobot/catkin_ws/build/hector_geotiff/CMakeFiles/CMakeTmp'
Building CXX object CMakeFiles/cmTC_f4b26.dir/CheckSymbolExists.cxx.o
/usr/bin/c++   -I/usr/include/qt4   -o CMakeFiles/cmTC_f4b26.dir/CheckSymbolExists.cxx.o -c /home/kw-cobot/catkin_ws/build/hector_geotiff/CMakeFiles/CMakeTmp/CheckSymbolExists.cxx
/home/kw-cobot/catkin_ws/build/hector_geotiff/CMakeFiles/CMakeTmp/CheckSymbolExists.cxx: In function ‘int main(int, char**)’:
/home/kw-cobot/catkin_ws/build/hector_geotiff/CMakeFiles/CMakeTmp/CheckSymbolExists.cxx:8:19: error: ‘Q_WS_WIN’ was not declared in this scope
   return ((int*)(&Q_WS_WIN))[argc];
                   ^~~~~~~~
/home/kw-cobot/catkin_ws/build/hector_geotiff/CMakeFiles/CMakeTmp/CheckSymbolExists.cxx:8:19: note: suggested alternative: ‘Q_WS_X11’
   return ((int*)(&Q_WS_WIN))[argc];
                   ^~~~~~~~
                   Q_WS_X11
CMakeFiles/cmTC_f4b26.dir/build.make:65: recipe for target 'CMakeFiles/cmTC_f4b26.dir/CheckSymbolExists.cxx.o' failed
make[1]: *** [CMakeFiles/cmTC_f4b26.dir/CheckSymbolExists.cxx.o] Error 1
make[1]: Leaving directory '/home/kw-cobot/catkin_ws/build/hector_geotiff/CMakeFiles/CMakeTmp'
Makefile:126: recipe for target 'cmTC_f4b26/fast' failed
make: *** [cmTC_f4b26/fast] Error 2

File /home/kw-cobot/catkin_ws/build/hector_geotiff/CMakeFiles/CMakeTmp/CheckSymbolExists.cxx:
/* */
#include <QtCore/qglobal.h>

int main(int argc, char** argv)
{
  (void)argv;
#ifndef Q_WS_WIN
  return ((int*)(&Q_WS_WIN))[argc];
#else
  (void)argc;
  return 0;
#endif
}

Determining if the Q_WS_QWS exist failed with the following output:
Change Dir: /home/kw-cobot/catkin_ws/build/hector_geotiff/CMakeFiles/CMakeTmp

Run Build Command:"/usr/bin/make" "cmTC_34737/fast"
/usr/bin/make -f CMakeFiles/cmTC_34737.dir/build.make CMakeFiles/cmTC_34737.dir/build
make[1]: Entering directory '/home/kw-cobot/catkin_ws/build/hector_geotiff/CMakeFiles/CMakeTmp'
Building CXX object CMakeFiles/cmTC_34737.dir/CheckSymbolExists.cxx.o
/usr/bin/c++   -I/usr/include/qt4   -o CMakeFiles/cmTC_34737.dir/CheckSymbolExists.cxx.o -c /home/kw-cobot/catkin_ws/build/hector_geotiff/CMakeFiles/CMakeTmp/CheckSymbolExists.cxx
/home/kw-cobot/catkin_ws/build/hector_geotiff/CMakeFiles/CMakeTmp/CheckSymbolExists.cxx: In function ‘int main(int, char**)’:
/home/kw-cobot/catkin_ws/build/hector_geotiff/CMakeFiles/CMakeTmp/CheckSymbolExists.cxx:8:19: error: ‘Q_WS_QWS’ was not declared in this scope
   return ((int*)(&Q_WS_QWS))[argc];
                   ^~~~~~~~
/home/kw-cobot/catkin_ws/build/hector_geotiff/CMakeFiles/CMakeTmp/CheckSymbolExists.cxx:8:19: note: suggested alternative: ‘Q_WS_X11’
   return ((int*)(&Q_WS_QWS))[argc];
                   ^~~~~~~~
                   Q_WS_X11
CMakeFiles/cmTC_34737.dir/build.make:65: recipe for target 'CMakeFiles/cmTC_34737.dir/CheckSymbolExists.cxx.o' failed
make[1]: *** [CMakeFiles/cmTC_34737.dir/CheckSymbolExists.cxx.o] Error 1
make[1]: Leaving directory '/home/kw-cobot/catkin_ws/build/hector_geotiff/CMakeFiles/CMakeTmp'
Makefile:126: recipe for target 'cmTC_34737/fast' failed
make: *** [cmTC_34737/fast] Error 2

File /home/kw-cobot/catkin_ws/build/hector_geotiff/CMakeFiles/CMakeTmp/CheckSymbolExists.cxx:
/* */
#include <QtCore/qglobal.h>

int main(int argc, char** argv)
{
  (void)argv;
#ifndef Q_WS_QWS
  return ((int*)(&Q_WS_QWS))[argc];
#else
  (void)argc;
  return 0;
#endif
}

Determining if the Q_WS_MAC exist failed with the following output:
Change Dir: /home/kw-cobot/catkin_ws/build/hector_geotiff/CMakeFiles/CMakeTmp

Run Build Command:"/usr/bin/make" "cmTC_4416c/fast"
/usr/bin/make -f CMakeFiles/cmTC_4416c.dir/build.make CMakeFiles/cmTC_4416c.dir/build
make[1]: Entering directory '/home/kw-cobot/catkin_ws/build/hector_geotiff/CMakeFiles/CMakeTmp'
Building CXX object CMakeFiles/cmTC_4416c.dir/CheckSymbolExists.cxx.o
/usr/bin/c++   -I/usr/include/qt4   -o CMakeFiles/cmTC_4416c.dir/CheckSymbolExists.cxx.o -c /home/kw-cobot/catkin_ws/build/hector_geotiff/CMakeFiles/CMakeTmp/CheckSymbolExists.cxx
/home/kw-cobot/catkin_ws/build/hector_geotiff/CMakeFiles/CMakeTmp/CheckSymbolExists.cxx: In function ‘int main(int, char**)’:
/home/kw-cobot/catkin_ws/build/hector_geotiff/CMakeFiles/CMakeTmp/CheckSymbolExists.cxx:8:19: error: ‘Q_WS_MAC’ was not declared in this scope
   return ((int*)(&Q_WS_MAC))[argc];
                   ^~~~~~~~
/home/kw-cobot/catkin_ws/build/hector_geotiff/CMakeFiles/CMakeTmp/CheckSymbolExists.cxx:8:19: note: suggested alternative: ‘Q_WS_X11’
   return ((int*)(&Q_WS_MAC))[argc];
                   ^~~~~~~~
                   Q_WS_X11
CMakeFiles/cmTC_4416c.dir/build.make:65: recipe for target 'CMakeFiles/cmTC_4416c.dir/CheckSymbolExists.cxx.o' failed
make[1]: *** [CMakeFiles/cmTC_4416c.dir/CheckSymbolExists.cxx.o] Error 1
make[1]: Leaving directory '/home/kw-cobot/catkin_ws/build/hector_geotiff/CMakeFiles/CMakeTmp'
Makefile:126: recipe for target 'cmTC_4416c/fast' failed
make: *** [cmTC_4416c/fast] Error 2

File /home/kw-cobot/catkin_ws/build/hector_geotiff/CMakeFiles/CMakeTmp/CheckSymbolExists.cxx:
/* */
#include <QtCore/qglobal.h>

int main(int argc, char** argv)
{
  (void)argv;
#ifndef Q_WS_MAC
  return ((int*)(&Q_WS_MAC))[argc];
#else
  (void)argc;
  return 0;
#endif
}

