Determining if the pthread_create exist failed with the following output:
Change Dir: /home/kw-cobot/catkin_ws/build/happy_ros/CMakeFiles/CMakeTmp

Run Build Command:"/usr/bin/make" "cmTC_6f94e/fast"
/usr/bin/make -f CMakeFiles/cmTC_6f94e.dir/build.make CMakeFiles/cmTC_6f94e.dir/build
make[1]: Entering directory '/home/kw-cobot/catkin_ws/build/happy_ros/CMakeFiles/CMakeTmp'
Building C object CMakeFiles/cmTC_6f94e.dir/CheckSymbolExists.c.o
/usr/bin/cc    -o CMakeFiles/cmTC_6f94e.dir/CheckSymbolExists.c.o   -c /home/kw-cobot/catkin_ws/build/happy_ros/CMakeFiles/CMakeTmp/CheckSymbolExists.c
Linking C executable cmTC_6f94e
/usr/bin/cmake -E cmake_link_script CMakeFiles/cmTC_6f94e.dir/link.txt --verbose=1
/usr/bin/cc      -rdynamic CMakeFiles/cmTC_6f94e.dir/CheckSymbolExists.c.o  -o cmTC_6f94e 
CMakeFiles/cmTC_6f94e.dir/CheckSymbolExists.c.o: In function `main':
CheckSymbolExists.c:(.text+0x1b): undefined reference to `pthread_create'
collect2: error: ld returned 1 exit status
CMakeFiles/cmTC_6f94e.dir/build.make:97: recipe for target 'cmTC_6f94e' failed
make[1]: *** [cmTC_6f94e] Error 1
make[1]: Leaving directory '/home/kw-cobot/catkin_ws/build/happy_ros/CMakeFiles/CMakeTmp'
Makefile:126: recipe for target 'cmTC_6f94e/fast' failed
make: *** [cmTC_6f94e/fast] Error 2

File /home/kw-cobot/catkin_ws/build/happy_ros/CMakeFiles/CMakeTmp/CheckSymbolExists.c:
/* */
#include <pthread.h>

int main(int argc, char** argv)
{
  (void)argv;
#ifndef pthread_create
  return ((int*)(&pthread_create))[argc];
#else
  (void)argc;
  return 0;
#endif
}

Determining if the function pthread_create exists in the pthreads failed with the following output:
Change Dir: /home/kw-cobot/catkin_ws/build/happy_ros/CMakeFiles/CMakeTmp

Run Build Command:"/usr/bin/make" "cmTC_527eb/fast"
/usr/bin/make -f CMakeFiles/cmTC_527eb.dir/build.make CMakeFiles/cmTC_527eb.dir/build
make[1]: Entering directory '/home/kw-cobot/catkin_ws/build/happy_ros/CMakeFiles/CMakeTmp'
Building C object CMakeFiles/cmTC_527eb.dir/CheckFunctionExists.c.o
/usr/bin/cc   -DCHECK_FUNCTION_EXISTS=pthread_create   -o CMakeFiles/cmTC_527eb.dir/CheckFunctionExists.c.o   -c /usr/share/cmake-3.10/Modules/CheckFunctionExists.c
Linking C executable cmTC_527eb
/usr/bin/cmake -E cmake_link_script CMakeFiles/cmTC_527eb.dir/link.txt --verbose=1
/usr/bin/cc  -DCHECK_FUNCTION_EXISTS=pthread_create    -rdynamic CMakeFiles/cmTC_527eb.dir/CheckFunctionExists.c.o  -o cmTC_527eb -lpthreads 
/usr/bin/ld: cannot find -lpthreads
collect2: error: ld returned 1 exit status
CMakeFiles/cmTC_527eb.dir/build.make:97: recipe for target 'cmTC_527eb' failed
make[1]: *** [cmTC_527eb] Error 1
make[1]: Leaving directory '/home/kw-cobot/catkin_ws/build/happy_ros/CMakeFiles/CMakeTmp'
Makefile:126: recipe for target 'cmTC_527eb/fast' failed
make: *** [cmTC_527eb/fast] Error 2


