Determining if the pthread_create exist failed with the following output:
Change Dir: /home/kw-cobot/catkin_ws/build/voxel_grid/CMakeFiles/CMakeTmp

Run Build Command:"/usr/bin/make" "cmTC_ae53d/fast"
/usr/bin/make -f CMakeFiles/cmTC_ae53d.dir/build.make CMakeFiles/cmTC_ae53d.dir/build
make[1]: Entering directory '/home/kw-cobot/catkin_ws/build/voxel_grid/CMakeFiles/CMakeTmp'
Building C object CMakeFiles/cmTC_ae53d.dir/CheckSymbolExists.c.o
/usr/bin/cc    -o CMakeFiles/cmTC_ae53d.dir/CheckSymbolExists.c.o   -c /home/kw-cobot/catkin_ws/build/voxel_grid/CMakeFiles/CMakeTmp/CheckSymbolExists.c
Linking C executable cmTC_ae53d
/usr/bin/cmake -E cmake_link_script CMakeFiles/cmTC_ae53d.dir/link.txt --verbose=1
/usr/bin/cc      -rdynamic CMakeFiles/cmTC_ae53d.dir/CheckSymbolExists.c.o  -o cmTC_ae53d 
CMakeFiles/cmTC_ae53d.dir/CheckSymbolExists.c.o: In function `main':
CheckSymbolExists.c:(.text+0x1b): undefined reference to `pthread_create'
collect2: error: ld returned 1 exit status
CMakeFiles/cmTC_ae53d.dir/build.make:97: recipe for target 'cmTC_ae53d' failed
make[1]: *** [cmTC_ae53d] Error 1
make[1]: Leaving directory '/home/kw-cobot/catkin_ws/build/voxel_grid/CMakeFiles/CMakeTmp'
Makefile:126: recipe for target 'cmTC_ae53d/fast' failed
make: *** [cmTC_ae53d/fast] Error 2

File /home/kw-cobot/catkin_ws/build/voxel_grid/CMakeFiles/CMakeTmp/CheckSymbolExists.c:
/* */
#include <pthread.h>

int main(int argc, char** argv)
{
  (void)argv;
#ifndef pthread_create
  return ((int*)(&pthread_create))[argc];
#else
  (void)argc;
  return 0;
#endif
}

Determining if the function pthread_create exists in the pthreads failed with the following output:
Change Dir: /home/kw-cobot/catkin_ws/build/voxel_grid/CMakeFiles/CMakeTmp

Run Build Command:"/usr/bin/make" "cmTC_584ca/fast"
/usr/bin/make -f CMakeFiles/cmTC_584ca.dir/build.make CMakeFiles/cmTC_584ca.dir/build
make[1]: Entering directory '/home/kw-cobot/catkin_ws/build/voxel_grid/CMakeFiles/CMakeTmp'
Building C object CMakeFiles/cmTC_584ca.dir/CheckFunctionExists.c.o
/usr/bin/cc   -DCHECK_FUNCTION_EXISTS=pthread_create   -o CMakeFiles/cmTC_584ca.dir/CheckFunctionExists.c.o   -c /usr/share/cmake-3.10/Modules/CheckFunctionExists.c
Linking C executable cmTC_584ca
/usr/bin/cmake -E cmake_link_script CMakeFiles/cmTC_584ca.dir/link.txt --verbose=1
/usr/bin/cc  -DCHECK_FUNCTION_EXISTS=pthread_create    -rdynamic CMakeFiles/cmTC_584ca.dir/CheckFunctionExists.c.o  -o cmTC_584ca -lpthreads 
/usr/bin/ld: cannot find -lpthreads
collect2: error: ld returned 1 exit status
CMakeFiles/cmTC_584ca.dir/build.make:97: recipe for target 'cmTC_584ca' failed
make[1]: *** [cmTC_584ca] Error 1
make[1]: Leaving directory '/home/kw-cobot/catkin_ws/build/voxel_grid/CMakeFiles/CMakeTmp'
Makefile:126: recipe for target 'cmTC_584ca/fast' failed
make: *** [cmTC_584ca/fast] Error 2


