Determining if the pthread_create exist failed with the following output:
Change Dir: /home/kw-cobot/catkin_ws/build/morai_msgs/CMakeFiles/CMakeTmp

Run Build Command:"/usr/bin/make" "cmTC_640e1/fast"
/usr/bin/make -f CMakeFiles/cmTC_640e1.dir/build.make CMakeFiles/cmTC_640e1.dir/build
make[1]: Entering directory '/home/kw-cobot/catkin_ws/build/morai_msgs/CMakeFiles/CMakeTmp'
Building C object CMakeFiles/cmTC_640e1.dir/CheckSymbolExists.c.o
/usr/bin/cc    -o CMakeFiles/cmTC_640e1.dir/CheckSymbolExists.c.o   -c /home/kw-cobot/catkin_ws/build/morai_msgs/CMakeFiles/CMakeTmp/CheckSymbolExists.c
Linking C executable cmTC_640e1
/usr/bin/cmake -E cmake_link_script CMakeFiles/cmTC_640e1.dir/link.txt --verbose=1
/usr/bin/cc      -rdynamic CMakeFiles/cmTC_640e1.dir/CheckSymbolExists.c.o  -o cmTC_640e1 
CMakeFiles/cmTC_640e1.dir/CheckSymbolExists.c.o: In function `main':
CheckSymbolExists.c:(.text+0x1b): undefined reference to `pthread_create'
collect2: error: ld returned 1 exit status
CMakeFiles/cmTC_640e1.dir/build.make:97: recipe for target 'cmTC_640e1' failed
make[1]: *** [cmTC_640e1] Error 1
make[1]: Leaving directory '/home/kw-cobot/catkin_ws/build/morai_msgs/CMakeFiles/CMakeTmp'
Makefile:126: recipe for target 'cmTC_640e1/fast' failed
make: *** [cmTC_640e1/fast] Error 2

File /home/kw-cobot/catkin_ws/build/morai_msgs/CMakeFiles/CMakeTmp/CheckSymbolExists.c:
/* */
#include <pthread.h>

int main(int argc, char** argv)
{
  (void)argv;
#ifndef pthread_create
  return ((int*)(&pthread_create))[argc];
#else
  (void)argc;
  return 0;
#endif
}

Determining if the function pthread_create exists in the pthreads failed with the following output:
Change Dir: /home/kw-cobot/catkin_ws/build/morai_msgs/CMakeFiles/CMakeTmp

Run Build Command:"/usr/bin/make" "cmTC_05e0a/fast"
/usr/bin/make -f CMakeFiles/cmTC_05e0a.dir/build.make CMakeFiles/cmTC_05e0a.dir/build
make[1]: Entering directory '/home/kw-cobot/catkin_ws/build/morai_msgs/CMakeFiles/CMakeTmp'
Building C object CMakeFiles/cmTC_05e0a.dir/CheckFunctionExists.c.o
/usr/bin/cc   -DCHECK_FUNCTION_EXISTS=pthread_create   -o CMakeFiles/cmTC_05e0a.dir/CheckFunctionExists.c.o   -c /usr/share/cmake-3.10/Modules/CheckFunctionExists.c
Linking C executable cmTC_05e0a
/usr/bin/cmake -E cmake_link_script CMakeFiles/cmTC_05e0a.dir/link.txt --verbose=1
/usr/bin/cc  -DCHECK_FUNCTION_EXISTS=pthread_create    -rdynamic CMakeFiles/cmTC_05e0a.dir/CheckFunctionExists.c.o  -o cmTC_05e0a -lpthreads 
/usr/bin/ld: cannot find -lpthreads
collect2: error: ld returned 1 exit status
CMakeFiles/cmTC_05e0a.dir/build.make:97: recipe for target 'cmTC_05e0a' failed
make[1]: *** [cmTC_05e0a] Error 1
make[1]: Leaving directory '/home/kw-cobot/catkin_ws/build/morai_msgs/CMakeFiles/CMakeTmp'
Makefile:126: recipe for target 'cmTC_05e0a/fast' failed
make: *** [cmTC_05e0a/fast] Error 2


