Determining if the pthread_create exist failed with the following output:
Change Dir: /home/kw-cobot/catkin_ws/build/base_local_planner/CMakeFiles/CMakeTmp

Run Build Command:"/usr/bin/make" "cmTC_aa350/fast"
/usr/bin/make -f CMakeFiles/cmTC_aa350.dir/build.make CMakeFiles/cmTC_aa350.dir/build
make[1]: Entering directory '/home/kw-cobot/catkin_ws/build/base_local_planner/CMakeFiles/CMakeTmp'
Building C object CMakeFiles/cmTC_aa350.dir/CheckSymbolExists.c.o
/usr/bin/cc    -o CMakeFiles/cmTC_aa350.dir/CheckSymbolExists.c.o   -c /home/kw-cobot/catkin_ws/build/base_local_planner/CMakeFiles/CMakeTmp/CheckSymbolExists.c
Linking C executable cmTC_aa350
/usr/bin/cmake -E cmake_link_script CMakeFiles/cmTC_aa350.dir/link.txt --verbose=1
/usr/bin/cc      -rdynamic CMakeFiles/cmTC_aa350.dir/CheckSymbolExists.c.o  -o cmTC_aa350 
CMakeFiles/cmTC_aa350.dir/CheckSymbolExists.c.o: In function `main':
CheckSymbolExists.c:(.text+0x1b): undefined reference to `pthread_create'
collect2: error: ld returned 1 exit status
CMakeFiles/cmTC_aa350.dir/build.make:97: recipe for target 'cmTC_aa350' failed
make[1]: *** [cmTC_aa350] Error 1
make[1]: Leaving directory '/home/kw-cobot/catkin_ws/build/base_local_planner/CMakeFiles/CMakeTmp'
Makefile:126: recipe for target 'cmTC_aa350/fast' failed
make: *** [cmTC_aa350/fast] Error 2

File /home/kw-cobot/catkin_ws/build/base_local_planner/CMakeFiles/CMakeTmp/CheckSymbolExists.c:
/* */
#include <pthread.h>

int main(int argc, char** argv)
{
  (void)argv;
#ifndef pthread_create
  return ((int*)(&pthread_create))[argc];
#else
  (void)argc;
  return 0;
#endif
}

Determining if the function pthread_create exists in the pthreads failed with the following output:
Change Dir: /home/kw-cobot/catkin_ws/build/base_local_planner/CMakeFiles/CMakeTmp

Run Build Command:"/usr/bin/make" "cmTC_471df/fast"
/usr/bin/make -f CMakeFiles/cmTC_471df.dir/build.make CMakeFiles/cmTC_471df.dir/build
make[1]: Entering directory '/home/kw-cobot/catkin_ws/build/base_local_planner/CMakeFiles/CMakeTmp'
Building C object CMakeFiles/cmTC_471df.dir/CheckFunctionExists.c.o
/usr/bin/cc   -DCHECK_FUNCTION_EXISTS=pthread_create   -o CMakeFiles/cmTC_471df.dir/CheckFunctionExists.c.o   -c /usr/share/cmake-3.10/Modules/CheckFunctionExists.c
Linking C executable cmTC_471df
/usr/bin/cmake -E cmake_link_script CMakeFiles/cmTC_471df.dir/link.txt --verbose=1
/usr/bin/cc  -DCHECK_FUNCTION_EXISTS=pthread_create    -rdynamic CMakeFiles/cmTC_471df.dir/CheckFunctionExists.c.o  -o cmTC_471df -lpthreads 
/usr/bin/ld: cannot find -lpthreads
collect2: error: ld returned 1 exit status
CMakeFiles/cmTC_471df.dir/build.make:97: recipe for target 'cmTC_471df' failed
make[1]: *** [cmTC_471df] Error 1
make[1]: Leaving directory '/home/kw-cobot/catkin_ws/build/base_local_planner/CMakeFiles/CMakeTmp'
Makefile:126: recipe for target 'cmTC_471df/fast' failed
make: *** [cmTC_471df/fast] Error 2


