Determining if the pthread_create exist failed with the following output:
Change Dir: /home/kw-cobot/catkin_ws/build/nav_core/CMakeFiles/CMakeTmp

Run Build Command:"/usr/bin/make" "cmTC_a6380/fast"
/usr/bin/make -f CMakeFiles/cmTC_a6380.dir/build.make CMakeFiles/cmTC_a6380.dir/build
make[1]: Entering directory '/home/kw-cobot/catkin_ws/build/nav_core/CMakeFiles/CMakeTmp'
Building C object CMakeFiles/cmTC_a6380.dir/CheckSymbolExists.c.o
/usr/bin/cc    -o CMakeFiles/cmTC_a6380.dir/CheckSymbolExists.c.o   -c /home/kw-cobot/catkin_ws/build/nav_core/CMakeFiles/CMakeTmp/CheckSymbolExists.c
Linking C executable cmTC_a6380
/usr/bin/cmake -E cmake_link_script CMakeFiles/cmTC_a6380.dir/link.txt --verbose=1
/usr/bin/cc      -rdynamic CMakeFiles/cmTC_a6380.dir/CheckSymbolExists.c.o  -o cmTC_a6380 
CMakeFiles/cmTC_a6380.dir/CheckSymbolExists.c.o: In function `main':
CheckSymbolExists.c:(.text+0x1b): undefined reference to `pthread_create'
collect2: error: ld returned 1 exit status
CMakeFiles/cmTC_a6380.dir/build.make:97: recipe for target 'cmTC_a6380' failed
make[1]: *** [cmTC_a6380] Error 1
make[1]: Leaving directory '/home/kw-cobot/catkin_ws/build/nav_core/CMakeFiles/CMakeTmp'
Makefile:126: recipe for target 'cmTC_a6380/fast' failed
make: *** [cmTC_a6380/fast] Error 2

File /home/kw-cobot/catkin_ws/build/nav_core/CMakeFiles/CMakeTmp/CheckSymbolExists.c:
/* */
#include <pthread.h>

int main(int argc, char** argv)
{
  (void)argv;
#ifndef pthread_create
  return ((int*)(&pthread_create))[argc];
#else
  (void)argc;
  return 0;
#endif
}

Determining if the function pthread_create exists in the pthreads failed with the following output:
Change Dir: /home/kw-cobot/catkin_ws/build/nav_core/CMakeFiles/CMakeTmp

Run Build Command:"/usr/bin/make" "cmTC_49715/fast"
/usr/bin/make -f CMakeFiles/cmTC_49715.dir/build.make CMakeFiles/cmTC_49715.dir/build
make[1]: Entering directory '/home/kw-cobot/catkin_ws/build/nav_core/CMakeFiles/CMakeTmp'
Building C object CMakeFiles/cmTC_49715.dir/CheckFunctionExists.c.o
/usr/bin/cc   -DCHECK_FUNCTION_EXISTS=pthread_create   -o CMakeFiles/cmTC_49715.dir/CheckFunctionExists.c.o   -c /usr/share/cmake-3.10/Modules/CheckFunctionExists.c
Linking C executable cmTC_49715
/usr/bin/cmake -E cmake_link_script CMakeFiles/cmTC_49715.dir/link.txt --verbose=1
/usr/bin/cc  -DCHECK_FUNCTION_EXISTS=pthread_create    -rdynamic CMakeFiles/cmTC_49715.dir/CheckFunctionExists.c.o  -o cmTC_49715 -lpthreads 
/usr/bin/ld: cannot find -lpthreads
collect2: error: ld returned 1 exit status
CMakeFiles/cmTC_49715.dir/build.make:97: recipe for target 'cmTC_49715' failed
make[1]: *** [cmTC_49715] Error 1
make[1]: Leaving directory '/home/kw-cobot/catkin_ws/build/nav_core/CMakeFiles/CMakeTmp'
Makefile:126: recipe for target 'cmTC_49715/fast' failed
make: *** [cmTC_49715/fast] Error 2


