Determining if the pthread_create exist failed with the following output:
Change Dir: /home/kw-cobot/catkin_ws/build/move_base/CMakeFiles/CMakeTmp

Run Build Command:"/usr/bin/make" "cmTC_6a12d/fast"
/usr/bin/make -f CMakeFiles/cmTC_6a12d.dir/build.make CMakeFiles/cmTC_6a12d.dir/build
make[1]: Entering directory '/home/kw-cobot/catkin_ws/build/move_base/CMakeFiles/CMakeTmp'
Building C object CMakeFiles/cmTC_6a12d.dir/CheckSymbolExists.c.o
/usr/bin/cc    -o CMakeFiles/cmTC_6a12d.dir/CheckSymbolExists.c.o   -c /home/kw-cobot/catkin_ws/build/move_base/CMakeFiles/CMakeTmp/CheckSymbolExists.c
Linking C executable cmTC_6a12d
/usr/bin/cmake -E cmake_link_script CMakeFiles/cmTC_6a12d.dir/link.txt --verbose=1
/usr/bin/cc      -rdynamic CMakeFiles/cmTC_6a12d.dir/CheckSymbolExists.c.o  -o cmTC_6a12d 
CMakeFiles/cmTC_6a12d.dir/CheckSymbolExists.c.o: In function `main':
CheckSymbolExists.c:(.text+0x1b): undefined reference to `pthread_create'
collect2: error: ld returned 1 exit status
CMakeFiles/cmTC_6a12d.dir/build.make:97: recipe for target 'cmTC_6a12d' failed
make[1]: *** [cmTC_6a12d] Error 1
make[1]: Leaving directory '/home/kw-cobot/catkin_ws/build/move_base/CMakeFiles/CMakeTmp'
Makefile:126: recipe for target 'cmTC_6a12d/fast' failed
make: *** [cmTC_6a12d/fast] Error 2

File /home/kw-cobot/catkin_ws/build/move_base/CMakeFiles/CMakeTmp/CheckSymbolExists.c:
/* */
#include <pthread.h>

int main(int argc, char** argv)
{
  (void)argv;
#ifndef pthread_create
  return ((int*)(&pthread_create))[argc];
#else
  (void)argc;
  return 0;
#endif
}

Determining if the function pthread_create exists in the pthreads failed with the following output:
Change Dir: /home/kw-cobot/catkin_ws/build/move_base/CMakeFiles/CMakeTmp

Run Build Command:"/usr/bin/make" "cmTC_f19cb/fast"
/usr/bin/make -f CMakeFiles/cmTC_f19cb.dir/build.make CMakeFiles/cmTC_f19cb.dir/build
make[1]: Entering directory '/home/kw-cobot/catkin_ws/build/move_base/CMakeFiles/CMakeTmp'
Building C object CMakeFiles/cmTC_f19cb.dir/CheckFunctionExists.c.o
/usr/bin/cc   -DCHECK_FUNCTION_EXISTS=pthread_create   -o CMakeFiles/cmTC_f19cb.dir/CheckFunctionExists.c.o   -c /usr/share/cmake-3.10/Modules/CheckFunctionExists.c
Linking C executable cmTC_f19cb
/usr/bin/cmake -E cmake_link_script CMakeFiles/cmTC_f19cb.dir/link.txt --verbose=1
/usr/bin/cc  -DCHECK_FUNCTION_EXISTS=pthread_create    -rdynamic CMakeFiles/cmTC_f19cb.dir/CheckFunctionExists.c.o  -o cmTC_f19cb -lpthreads 
/usr/bin/ld: cannot find -lpthreads
collect2: error: ld returned 1 exit status
CMakeFiles/cmTC_f19cb.dir/build.make:97: recipe for target 'cmTC_f19cb' failed
make[1]: *** [cmTC_f19cb] Error 1
make[1]: Leaving directory '/home/kw-cobot/catkin_ws/build/move_base/CMakeFiles/CMakeTmp'
Makefile:126: recipe for target 'cmTC_f19cb/fast' failed
make: *** [cmTC_f19cb/fast] Error 2


