[  0%] Built target visualization_msgs_generate_messages_eus
[  0%] Built target map_msgs_generate_messages_nodejs
[  0%] Built target actionlib_msgs_generate_messages_nodejs
[  0%] Built target nav_msgs_generate_messages_nodejs
[  0%] Built target costmap_2d_gencfg
[  0%] Built target costmap_2d_generate_messages_cpp
[  0%] Built target dynamic_reconfigure_generate_messages_nodejs
[  0%] Built target visualization_msgs_generate_messages_py
[  0%] Built target sensor_msgs_generate_messages_nodejs
[  0%] Built target roscpp_generate_messages_cpp
[  0%] Built target actionlib_generate_messages_cpp
[  0%] Built target geometry_msgs_generate_messages_nodejs
[  0%] Built target costmap_2d_generate_messages_lisp
[  0%] Built target tf_generate_messages_nodejs
[  0%] Built target costmap_2d_generate_messages_nodejs
[  0%] Built target costmap_2d_generate_messages_py
[  0%] Built target dynamic_reconfigure_generate_messages_eus
[  0%] Built target std_msgs_generate_messages_nodejs
[  0%] Built target dynamic_reconfigure_generate_messages_lisp
[  0%] Built target costmap_2d_generate_messages_eus
[  0%] Built target map_msgs_generate_messages_eus
[  0%] Built target geometry_msgs_generate_messages_py
[  0%] Built target dynamic_reconfigure_generate_messages_py
[  0%] Built target roscpp_generate_messages_py
[  0%] Built target rosgraph_msgs_generate_messages_eus
[  0%] Built target rosgraph_msgs_generate_messages_lisp
[  0%] Built target rosgraph_msgs_generate_messages_nodejs
[  0%] Built target sensor_msgs_generate_messages_cpp
[  0%] Built target sensor_msgs_generate_messages_eus
[  0%] Built target _catkin_empty_exported_target
[  0%] Built target actionlib_generate_messages_eus
[  0%] Built target geometry_msgs_generate_messages_cpp
[  0%] Built target actionlib_generate_messages_lisp
[  0%] Built target map_msgs_generate_messages_py
[  0%] Built target std_msgs_generate_messages_cpp
[  0%] Built target tf_generate_messages_cpp
[  0%] Built target _base_local_planner_generate_messages_check_deps_Position2DInt
[  0%] Built target actionlib_generate_messages_nodejs
[  0%] Built target tf_generate_messages_eus
[  0%] Built target actionlib_msgs_generate_messages_cpp
[  0%] Built target roscpp_generate_messages_eus
[  0%] Built target rosgraph_msgs_generate_messages_py
[  0%] Built target actionlib_msgs_generate_messages_eus
[  0%] Built target actionlib_msgs_generate_messages_lisp
[  0%] Built target nav_msgs_generate_messages_cpp
[  3%] [34m[1mGenerating dynamic reconfigure files from cfg/BaseLocalPlanner.cfg: /home/kw-cobot/catkin_ws/devel/.private/base_local_planner/include/base_local_planner/BaseLocalPlannerConfig.h /home/kw-cobot/catkin_ws/devel/.private/base_local_planner/lib/python2.7/dist-packages/base_local_planner/cfg/BaseLocalPlannerConfig.py[0m
Generating reconfiguration files for BaseLocalPlanner in base_local_planner
Wrote header file in /home/kw-cobot/catkin_ws/devel/.private/base_local_planner/include/base_local_planner/BaseLocalPlannerConfig.h
[  3%] Built target std_msgs_generate_messages_py
[  3%] Built target base_local_planner_gencfg
[  6%] Built target base_local_planner_generate_messages_nodejs
[  6%] Built target std_msgs_generate_messages_lisp
[  6%] Built target std_msgs_generate_messages_eus
[  6%] Built target tf_generate_messages_lisp
[  6%] Built target roscpp_generate_messages_lisp
[  6%] Built target geometry_msgs_generate_messages_lisp
[  6%] Built target geometry_msgs_generate_messages_eus
[  6%] Built target roscpp_generate_messages_nodejs
[  6%] Built target sensor_msgs_generate_messages_py
[  6%] Built target tf_generate_messages_py
[  6%] Built target dynamic_reconfigure_generate_messages_cpp
[  6%] Built target rosgraph_msgs_generate_messages_cpp
[  6%] Built target visualization_msgs_generate_messages_lisp
[  6%] Built target map_msgs_generate_messages_lisp
[  6%] Built target visualization_msgs_generate_messages_nodejs
[  6%] Built target actionlib_msgs_generate_messages_py
[  6%] Built target tf2_msgs_generate_messages_cpp
[  6%] Built target map_msgs_generate_messages_cpp
[  6%] Built target actionlib_generate_messages_py
[  6%] Built target tf2_msgs_generate_messages_py
[  6%] Built target tf2_msgs_generate_messages_nodejs
[  6%] Built target nav_msgs_generate_messages_lisp
[  6%] Built target sensor_msgs_generate_messages_lisp
[  6%] Built target dynamic_reconfigure_gencfg
[  6%] Built target tf2_msgs_generate_messages_lisp
[  6%] Built target tf2_msgs_generate_messages_eus
[  6%] Built target nav_msgs_generate_messages_py
[  6%] Built target nav_msgs_generate_messages_eus
[  6%] Built target visualization_msgs_generate_messages_cpp
[  9%] Built target base_local_planner_generate_messages_cpp
[ 15%] Built target base_local_planner_generate_messages_py
[ 21%] Built target base_local_planner_generate_messages_eus
[ 24%] Built target base_local_planner_generate_messages_lisp
[ 24%] Built target base_local_planner_generate_messages
[ 84%] Built target base_local_planner
[35m[1mScanning dependencies of target trajectory_planner_ros[0m
[ 90%] Built target point_grid
[ 93%] [32mBuilding CXX object CMakeFiles/trajectory_planner_ros.dir/src/trajectory_planner.cpp.o[0m
[ 96%] [32mBuilding CXX object CMakeFiles/trajectory_planner_ros.dir/src/trajectory_planner_ros.cpp.o[0m
[01m[K/home/kw-cobot/catkin_ws/src/navigation/base_local_planner/src/trajectory_planner.cpp:[m[K In member function ‘[01m[Kvoid base_local_planner::TrajectoryPlanner::reconfigure(base_local_planner::BaseLocalPlannerConfig&)[m[K’:
[01m[K/home/kw-cobot/catkin_ws/src/navigation/base_local_planner/src/trajectory_planner.cpp:93:63:[m[K [01;31m[Kerror: [m[K‘[01m[Kmeter[m[K’ was not declared in this scope
       oscillation_reset_dist_ = config.oscillation_reset_dist;[01;31m[Kmeter[m[K
                                                               [01;31m[K^~~~~[m[K
[01m[K/home/kw-cobot/catkin_ws/src/navigation/base_local_planner/src/trajectory_planner.cpp:93:63:[m[K [01;36m[Knote: [m[Ksuggested alternative: ‘[01m[Kmemmem[m[K’
       oscillation_reset_dist_ = config.oscillation_reset_dist;[01;36m[Kmeter[m[K
                                                               [01;36m[K^~~~~[m[K
                                                               [32m[Kmemmem[m[K
CMakeFiles/trajectory_planner_ros.dir/build.make:62: recipe for target 'CMakeFiles/trajectory_planner_ros.dir/src/trajectory_planner.cpp.o' failed
make[2]: *** [CMakeFiles/trajectory_planner_ros.dir/src/trajectory_planner.cpp.o] Error 1
make[2]: *** Waiting for unfinished jobs....
CMakeFiles/Makefile2:1918: recipe for target 'CMakeFiles/trajectory_planner_ros.dir/all' failed
make[1]: *** [CMakeFiles/trajectory_planner_ros.dir/all] Error 2
Makefile:140: recipe for target 'all' failed
make: *** [all] Error 2
