Linked: (/home/kw-cobot/catkin_ws/devel/.private/obstacle_detector/lib/libobstacle_extractor.so, /home/kw-cobot/catkin_ws/devel/lib/libobstacle_extractor.so)
Linked: (/home/kw-cobot/catkin_ws/devel/.private/obstacle_detector/lib/libobstacle_detector_nodelets.so, /home/kw-cobot/catkin_ws/devel/lib/libobstacle_detector_nodelets.so)
Linked: (/home/kw-cobot/catkin_ws/devel/.private/obstacle_detector/lib/libobstacle_publisher.so, /home/kw-cobot/catkin_ws/devel/lib/libobstacle_publisher.so)
Linked: (/home/kw-cobot/catkin_ws/devel/.private/obstacle_detector/lib/libobstacle_detector_gui.so, /home/kw-cobot/catkin_ws/devel/lib/libobstacle_detector_gui.so)
Linked: (/home/kw-cobot/catkin_ws/devel/.private/obstacle_detector/lib/libscans_merger.so, /home/kw-cobot/catkin_ws/devel/lib/libscans_merger.so)
Linked: (/home/kw-cobot/catkin_ws/devel/.private/obstacle_detector/lib/libobstacle_tracker.so, /home/kw-cobot/catkin_ws/devel/lib/libobstacle_tracker.so)
Linked: (/home/kw-cobot/catkin_ws/devel/.private/obstacle_detector/lib/pkgconfig/obstacle_detector.pc, /home/kw-cobot/catkin_ws/devel/lib/pkgconfig/obstacle_detector.pc)
Linked: (/home/kw-cobot/catkin_ws/devel/.private/obstacle_detector/lib/python2.7/dist-packages/obstacle_detector/__init__.py, /home/kw-cobot/catkin_ws/devel/lib/python2.7/dist-packages/obstacle_detector/__init__.py)
Linked: (/home/kw-cobot/catkin_ws/devel/.private/obstacle_detector/lib/python2.7/dist-packages/obstacle_detector/msg/_SegmentObstacle.py, /home/kw-cobot/catkin_ws/devel/lib/python2.7/dist-packages/obstacle_detector/msg/_SegmentObstacle.py)
Linked: (/home/kw-cobot/catkin_ws/devel/.private/obstacle_detector/lib/python2.7/dist-packages/obstacle_detector/msg/_Obstacles.py, /home/kw-cobot/catkin_ws/devel/lib/python2.7/dist-packages/obstacle_detector/msg/_Obstacles.py)
Linked: (/home/kw-cobot/catkin_ws/devel/.private/obstacle_detector/lib/python2.7/dist-packages/obstacle_detector/msg/_CircleObstacle.py, /home/kw-cobot/catkin_ws/devel/lib/python2.7/dist-packages/obstacle_detector/msg/_CircleObstacle.py)
Linked: (/home/kw-cobot/catkin_ws/devel/.private/obstacle_detector/lib/python2.7/dist-packages/obstacle_detector/msg/__init__.py, /home/kw-cobot/catkin_ws/devel/lib/python2.7/dist-packages/obstacle_detector/msg/__init__.py)
Linked: (/home/kw-cobot/catkin_ws/devel/.private/obstacle_detector/lib/obstacle_detector/scans_merger_node, /home/kw-cobot/catkin_ws/devel/lib/obstacle_detector/scans_merger_node)
Linked: (/home/kw-cobot/catkin_ws/devel/.private/obstacle_detector/lib/obstacle_detector/obstacle_extractor_node, /home/kw-cobot/catkin_ws/devel/lib/obstacle_detector/obstacle_extractor_node)
Linked: (/home/kw-cobot/catkin_ws/devel/.private/obstacle_detector/lib/obstacle_detector/obstacle_publisher_node, /home/kw-cobot/catkin_ws/devel/lib/obstacle_detector/obstacle_publisher_node)
Linked: (/home/kw-cobot/catkin_ws/devel/.private/obstacle_detector/lib/obstacle_detector/obstacle_tracker_node, /home/kw-cobot/catkin_ws/devel/lib/obstacle_detector/obstacle_tracker_node)
Linked: (/home/kw-cobot/catkin_ws/devel/.private/obstacle_detector/include/obstacle_detector/CircleObstacle.h, /home/kw-cobot/catkin_ws/devel/include/obstacle_detector/CircleObstacle.h)
Linked: (/home/kw-cobot/catkin_ws/devel/.private/obstacle_detector/include/obstacle_detector/SegmentObstacle.h, /home/kw-cobot/catkin_ws/devel/include/obstacle_detector/SegmentObstacle.h)
Linked: (/home/kw-cobot/catkin_ws/devel/.private/obstacle_detector/include/obstacle_detector/Obstacles.h, /home/kw-cobot/catkin_ws/devel/include/obstacle_detector/Obstacles.h)
Linked: (/home/kw-cobot/catkin_ws/devel/.private/obstacle_detector/share/common-lisp/ros/obstacle_detector/msg/_package.lisp, /home/kw-cobot/catkin_ws/devel/share/common-lisp/ros/obstacle_detector/msg/_package.lisp)
Linked: (/home/kw-cobot/catkin_ws/devel/.private/obstacle_detector/share/common-lisp/ros/obstacle_detector/msg/obstacle_detector-msg.asd, /home/kw-cobot/catkin_ws/devel/share/common-lisp/ros/obstacle_detector/msg/obstacle_detector-msg.asd)
Linked: (/home/kw-cobot/catkin_ws/devel/.private/obstacle_detector/share/common-lisp/ros/obstacle_detector/msg/CircleObstacle.lisp, /home/kw-cobot/catkin_ws/devel/share/common-lisp/ros/obstacle_detector/msg/CircleObstacle.lisp)
Linked: (/home/kw-cobot/catkin_ws/devel/.private/obstacle_detector/share/common-lisp/ros/obstacle_detector/msg/Obstacles.lisp, /home/kw-cobot/catkin_ws/devel/share/common-lisp/ros/obstacle_detector/msg/Obstacles.lisp)
Linked: (/home/kw-cobot/catkin_ws/devel/.private/obstacle_detector/share/common-lisp/ros/obstacle_detector/msg/_package_Obstacles.lisp, /home/kw-cobot/catkin_ws/devel/share/common-lisp/ros/obstacle_detector/msg/_package_Obstacles.lisp)
Linked: (/home/kw-cobot/catkin_ws/devel/.private/obstacle_detector/share/common-lisp/ros/obstacle_detector/msg/_package_SegmentObstacle.lisp, /home/kw-cobot/catkin_ws/devel/share/common-lisp/ros/obstacle_detector/msg/_package_SegmentObstacle.lisp)
Linked: (/home/kw-cobot/catkin_ws/devel/.private/obstacle_detector/share/common-lisp/ros/obstacle_detector/msg/_package_CircleObstacle.lisp, /home/kw-cobot/catkin_ws/devel/share/common-lisp/ros/obstacle_detector/msg/_package_CircleObstacle.lisp)
Linked: (/home/kw-cobot/catkin_ws/devel/.private/obstacle_detector/share/common-lisp/ros/obstacle_detector/msg/SegmentObstacle.lisp, /home/kw-cobot/catkin_ws/devel/share/common-lisp/ros/obstacle_detector/msg/SegmentObstacle.lisp)
Linked: (/home/kw-cobot/catkin_ws/devel/.private/obstacle_detector/share/gennodejs/ros/obstacle_detector/_index.js, /home/kw-cobot/catkin_ws/devel/share/gennodejs/ros/obstacle_detector/_index.js)
Linked: (/home/kw-cobot/catkin_ws/devel/.private/obstacle_detector/share/gennodejs/ros/obstacle_detector/msg/CircleObstacle.js, /home/kw-cobot/catkin_ws/devel/share/gennodejs/ros/obstacle_detector/msg/CircleObstacle.js)
Linked: (/home/kw-cobot/catkin_ws/devel/.private/obstacle_detector/share/gennodejs/ros/obstacle_detector/msg/Obstacles.js, /home/kw-cobot/catkin_ws/devel/share/gennodejs/ros/obstacle_detector/msg/Obstacles.js)
Linked: (/home/kw-cobot/catkin_ws/devel/.private/obstacle_detector/share/gennodejs/ros/obstacle_detector/msg/_index.js, /home/kw-cobot/catkin_ws/devel/share/gennodejs/ros/obstacle_detector/msg/_index.js)
Linked: (/home/kw-cobot/catkin_ws/devel/.private/obstacle_detector/share/gennodejs/ros/obstacle_detector/msg/SegmentObstacle.js, /home/kw-cobot/catkin_ws/devel/share/gennodejs/ros/obstacle_detector/msg/SegmentObstacle.js)
Linked: (/home/kw-cobot/catkin_ws/devel/.private/obstacle_detector/share/obstacle_detector/cmake/obstacle_detectorConfig.cmake, /home/kw-cobot/catkin_ws/devel/share/obstacle_detector/cmake/obstacle_detectorConfig.cmake)
Linked: (/home/kw-cobot/catkin_ws/devel/.private/obstacle_detector/share/obstacle_detector/cmake/obstacle_detector-msg-paths.cmake, /home/kw-cobot/catkin_ws/devel/share/obstacle_detector/cmake/obstacle_detector-msg-paths.cmake)
Linked: (/home/kw-cobot/catkin_ws/devel/.private/obstacle_detector/share/obstacle_detector/cmake/obstacle_detector-msg-extras.cmake, /home/kw-cobot/catkin_ws/devel/share/obstacle_detector/cmake/obstacle_detector-msg-extras.cmake)
Linked: (/home/kw-cobot/catkin_ws/devel/.private/obstacle_detector/share/obstacle_detector/cmake/obstacle_detectorConfig-version.cmake, /home/kw-cobot/catkin_ws/devel/share/obstacle_detector/cmake/obstacle_detectorConfig-version.cmake)
Linked: (/home/kw-cobot/catkin_ws/devel/.private/obstacle_detector/share/roseus/ros/obstacle_detector/manifest.l, /home/kw-cobot/catkin_ws/devel/share/roseus/ros/obstacle_detector/manifest.l)
Linked: (/home/kw-cobot/catkin_ws/devel/.private/obstacle_detector/share/roseus/ros/obstacle_detector/msg/Obstacles.l, /home/kw-cobot/catkin_ws/devel/share/roseus/ros/obstacle_detector/msg/Obstacles.l)
Linked: (/home/kw-cobot/catkin_ws/devel/.private/obstacle_detector/share/roseus/ros/obstacle_detector/msg/SegmentObstacle.l, /home/kw-cobot/catkin_ws/devel/share/roseus/ros/obstacle_detector/msg/SegmentObstacle.l)
Linked: (/home/kw-cobot/catkin_ws/devel/.private/obstacle_detector/share/roseus/ros/obstacle_detector/msg/CircleObstacle.l, /home/kw-cobot/catkin_ws/devel/share/roseus/ros/obstacle_detector/msg/CircleObstacle.l)
